# JRE version: Java(TM) SE Runtime Environment (8.0_241-b07) (build 1.8.0_241-b07)
# Java VM: Java HotSpot(TM) 64-Bit Server VM (25.241-b07 mixed mode windows-amd64 compressed oops)
Heap:
 PSYoungGen      total 142336K, used 43889K [0x00000000f5580000, 0x00000000fff80000, 0x0000000100000000)
  eden space 112640K, 38% used [0x00000000f5580000,0x00000000f805c6b8,0x00000000fc380000)
  from space 29696K, 0% used [0x00000000fe100000,0x00000000fe100000,0x00000000ffe00000)
  to   space 30208K, 0% used [0x00000000fc380000,0x00000000fc380000,0x00000000fe100000)
 ParOldGen       total 349696K, used 113031K [0x00000000e0000000, 0x00000000f5580000, 0x00000000f5580000)
  object space 349696K, 32% used [0x00000000e0000000,0x00000000e6e61f40,0x00000000f5580000)
 Metaspace       used 94404K, capacity 100040K, committed 100352K, reserved 1136640K
  class space    used 12532K, capacity 13726K, committed 13824K, reserved 1048576K
GC Heap History (10 events):
Event: 74.454 GC heap before
{Heap before GC invocations=24 (full 3):
 PSYoungGen      total 137216K, used 122374K [0x00000000f5580000, 0x00000000ffd00000, 0x0000000100000000)
  eden space 105984K, 100% used [0x00000000f5580000,0x00000000fbd00000,0x00000000fbd00000)
  from space 31232K, 52% used [0x00000000fde80000,0x00000000fee81950,0x00000000ffd00000)
  to   space 32768K, 0% used [0x00000000fbd00000,0x00000000fbd00000,0x00000000fdd00000)
 ParOldGen       total 249344K, used 136005K [0x00000000e0000000, 0x00000000ef380000, 0x00000000f5580000)
  object space 249344K, 54% used [0x00000000e0000000,0x00000000e84d1628,0x00000000ef380000)
 Metaspace       used 91223K, capacity 96912K, committed 97024K, reserved 1132544K
  class space    used 12073K, capacity 13258K, committed 13312K, reserved 1048576K
Event: 74.499 GC heap after
Heap after GC invocations=24 (full 3):
 PSYoungGen      total 138752K, used 11971K [0x00000000f5580000, 0x00000000fff80000, 0x0000000100000000)
  eden space 105984K, 0% used [0x00000000f5580000,0x00000000f5580000,0x00000000fbd00000)
  from space 32768K, 36% used [0x00000000fbd00000,0x00000000fc8b0f40,0x00000000fdd00000)
  to   space 31744K, 0% used [0x00000000fe080000,0x00000000fe080000,0x00000000fff80000)
 ParOldGen       total 249344K, used 144428K [0x00000000e0000000, 0x00000000ef380000, 0x00000000f5580000)
  object space 249344K, 57% used [0x00000000e0000000,0x00000000e8d0b0d0,0x00000000ef380000)
 Metaspace       used 91223K, capacity 96912K, committed 97024K, reserved 1132544K
  class space    used 12073K, capacity 13258K, committed 13312K, reserved 1048576K
}
Event: 75.384 GC heap before
{Heap before GC invocations=25 (full 3):
 PSYoungGen      total 138752K, used 117955K [0x00000000f5580000, 0x00000000fff80000, 0x0000000100000000)
  eden space 105984K, 100% used [0x00000000f5580000,0x00000000fbd00000,0x00000000fbd00000)
  from space 32768K, 36% used [0x00000000fbd00000,0x00000000fc8b0f40,0x00000000fdd00000)
  to   space 31744K, 0% used [0x00000000fe080000,0x00000000fe080000,0x00000000fff80000)
 ParOldGen       total 249344K, used 144428K [0x00000000e0000000, 0x00000000ef380000, 0x00000000f5580000)
  object space 249344K, 57% used [0x00000000e0000000,0x00000000e8d0b0d0,0x00000000ef380000)
 Metaspace       used 91368K, capacity 97064K, committed 97280K, reserved 1132544K
  class space    used 12074K, capacity 13260K, committed 13312K, reserved 1048576K
Event: 75.401 GC heap after
Heap after GC invocations=25 (full 3):
 PSYoungGen      total 140288K, used 7916K [0x00000000f5580000, 0x00000000ffe00000, 0x0000000100000000)
  eden space 110080K, 0% used [0x00000000f5580000,0x00000000f5580000,0x00000000fc100000)
  from space 30208K, 26% used [0x00000000fe080000,0x00000000fe83b2c8,0x00000000ffe00000)
  to   space 31232K, 0% used [0x00000000fc100000,0x00000000fc100000,0x00000000fdf80000)
 ParOldGen       total 249344K, used 150010K [0x00000000e0000000, 0x00000000ef380000, 0x00000000f5580000)
  object space 249344K, 60% used [0x00000000e0000000,0x00000000e927e9f0,0x00000000ef380000)
 Metaspace       used 91368K, capacity 97064K, committed 97280K, reserved 1132544K
  class space    used 12074K, capacity 13260K, committed 13312K, reserved 1048576K
}
Event: 76.479 GC heap before
{Heap before GC invocations=26 (full 3):
 PSYoungGen      total 140288K, used 117996K [0x00000000f5580000, 0x00000000ffe00000, 0x0000000100000000)
  eden space 110080K, 100% used [0x00000000f5580000,0x00000000fc100000,0x00000000fc100000)
  from space 30208K, 26% used [0x00000000fe080000,0x00000000fe83b2c8,0x00000000ffe00000)
  to   space 31232K, 0% used [0x00000000fc100000,0x00000000fc100000,0x00000000fdf80000)
 ParOldGen       total 249344K, used 150010K [0x00000000e0000000, 0x00000000ef380000, 0x00000000f5580000)
  object space 249344K, 60% used [0x00000000e0000000,0x00000000e927e9f0,0x00000000ef380000)
 Metaspace       used 91518K, capacity 97314K, committed 97536K, reserved 1134592K
  class space    used 12079K, capacity 13269K, committed 13312K, reserved 1048576K
Event: 76.527 GC heap after
Heap after GC invocations=26 (full 3):
 PSYoungGen      total 141312K, used 12817K [0x00000000f5580000, 0x00000000ffe00000, 0x0000000100000000)
  eden space 110080K, 0% used [0x00000000f5580000,0x00000000f5580000,0x00000000fc100000)
  from space 31232K, 41% used [0x00000000fc100000,0x00000000fcd846c0,0x00000000fdf80000)
  to   space 29696K, 0% used [0x00000000fe100000,0x00000000fe100000,0x00000000ffe00000)
 ParOldGen       total 249344K, used 151951K [0x00000000e0000000, 0x00000000ef380000, 0x00000000f5580000)
  object space 249344K, 60% used [0x00000000e0000000,0x00000000e9463ed0,0x00000000ef380000)
 Metaspace       used 91518K, capacity 97314K, committed 97536K, reserved 1134592K
  class space    used 12079K, capacity 13269K, committed 13312K, reserved 1048576K
}
Event: 77.017 GC heap before
{Heap before GC invocations=27 (full 3):
 PSYoungGen      total 141312K, used 56781K [0x00000000f5580000, 0x00000000ffe00000, 0x0000000100000000)
  eden space 110080K, 39% used [0x00000000f5580000,0x00000000f806eea8,0x00000000fc100000)
  from space 31232K, 41% used [0x00000000fc100000,0x00000000fcd846c0,0x00000000fdf80000)
  to   space 29696K, 0% used [0x00000000fe100000,0x00000000fe100000,0x00000000ffe00000)
 ParOldGen       total 249344K, used 151951K [0x00000000e0000000, 0x00000000ef380000, 0x00000000f5580000)
  object space 249344K, 60% used [0x00000000e0000000,0x00000000e9463ed0,0x00000000ef380000)
 Metaspace       used 92682K, capacity 98458K, committed 98560K, reserved 1134592K
  class space    used 12279K, capacity 13475K, committed 13568K, reserved 1048576K
Event: 77.026 GC heap after
Heap after GC invocations=27 (full 3):
 PSYoungGen      total 142336K, used 1875K [0x00000000f5580000, 0x00000000fff80000, 0x0000000100000000)
  eden space 112640K, 0% used [0x00000000f5580000,0x00000000f5580000,0x00000000fc380000)
  from space 29696K, 6% used [0x00000000fe100000,0x00000000fe2d4fd8,0x00000000ffe00000)
  to   space 30208K, 0% used [0x00000000fc380000,0x00000000fc380000,0x00000000fe100000)
 ParOldGen       total 249344K, used 154412K [0x00000000e0000000, 0x00000000ef380000, 0x00000000f5580000)
  object space 249344K, 61% used [0x00000000e0000000,0x00000000e96cb0a0,0x00000000ef380000)
 Metaspace       used 92682K, capacity 98458K, committed 98560K, reserved 1134592K
  class space    used 12279K, capacity 13475K, committed 13568K, reserved 1048576K
}
Event: 77.026 GC heap before
{Heap before GC invocations=28 (full 4):
 PSYoungGen      total 142336K, used 1875K [0x00000000f5580000, 0x00000000fff80000, 0x0000000100000000)
  eden space 112640K, 0% used [0x00000000f5580000,0x00000000f5580000,0x00000000fc380000)
  from space 29696K, 6% used [0x00000000fe100000,0x00000000fe2d4fd8,0x00000000ffe00000)
  to   space 30208K, 0% used [0x00000000fc380000,0x00000000fc380000,0x00000000fe100000)
 ParOldGen       total 249344K, used 154412K [0x00000000e0000000, 0x00000000ef380000, 0x00000000f5580000)
  object space 249344K, 61% used [0x00000000e0000000,0x00000000e96cb0a0,0x00000000ef380000)
 Metaspace       used 92682K, capacity 98458K, committed 98560K, reserved 1134592K
  class space    used 12279K, capacity 13475K, committed 13568K, reserved 1048576K
Event: 77.906 GC heap after
Heap after GC invocations=28 (full 4):
 PSYoungGen      total 142336K, used 0K [0x00000000f5580000, 0x00000000fff80000, 0x0000000100000000)
  eden space 112640K, 0% used [0x00000000f5580000,0x00000000f5580000,0x00000000fc380000)
  from space 29696K, 0% used [0x00000000fe100000,0x00000000fe100000,0x00000000ffe00000)
  to   space 30208K, 0% used [0x00000000fc380000,0x00000000fc380000,0x00000000fe100000)
 ParOldGen       total 349696K, used 113031K [0x00000000e0000000, 0x00000000f5580000, 0x00000000f5580000)
  object space 349696K, 32% used [0x00000000e0000000,0x00000000e6e61f40,0x00000000f5580000)
 Metaspace       used 92508K, capacity 97968K, committed 98560K, reserved 1134592K
  class space    used 12225K, capacity 13382K, committed 13568K, reserved 1048576K
}

