# JRE version: Java(TM) SE Runtime Environment (8.0_241-b07) (build 1.8.0_241-b07)
# Java VM: Java HotSpot(TM) 64-Bit Server VM (25.241-b07 mixed mode windows-amd64 compressed oops)
Heap:
 PSYoungGen      total 63488K, used 52936K [0x00000000f5580000, 0x00000000ffe00000, 0x0000000100000000)
  eden space 58880K, 82% used [0x00000000f5580000,0x00000000f84e6518,0x00000000f8f00000)
  from space 4608K, 95% used [0x00000000f8f00000,0x00000000f934bba8,0x00000000f9380000)
  to   space 56832K, 0% used [0x00000000fc680000,0x00000000fc680000,0x00000000ffe00000)
 ParOldGen       total 349696K, used 110372K [0x00000000e0000000, 0x00000000f5580000, 0x00000000f5580000)
  object space 349696K, 31% used [0x00000000e0000000,0x00000000e6bc93f0,0x00000000f5580000)
 Metaspace       used 93955K, capacity 98960K, committed 100224K, reserved 1136640K
  class space    used 12528K, capacity 13572K, committed 13952K, reserved 1048576K
GC Heap History (10 events):
Event: 29.954 GC heap before
{Heap before GC invocations=29 (full 3):
 PSYoungGen      total 116736K, used 70282K [0x00000000f5580000, 0x0000000100000000, 0x0000000100000000)
  eden space 58880K, 100% used [0x00000000f5580000,0x00000000f8f00000,0x00000000f8f00000)
  from space 57856K, 19% used [0x00000000f8f00000,0x00000000f9a22930,0x00000000fc780000)
  to   space 57856K, 0% used [0x00000000fc780000,0x00000000fc780000,0x0000000100000000)
 ParOldGen       total 282112K, used 172876K [0x00000000e0000000, 0x00000000f1380000, 0x00000000f5580000)
  object space 282112K, 61% used [0x00000000e0000000,0x00000000ea8d3180,0x00000000f1380000)
 Metaspace       used 85035K, capacity 89774K, committed 89856K, reserved 1126400K
  class space    used 11457K, capacity 12473K, committed 12544K, reserved 1048576K
Event: 29.975 GC heap after
Heap after GC invocations=29 (full 3):
 PSYoungGen      total 116736K, used 7602K [0x00000000f5580000, 0x0000000100000000, 0x0000000100000000)
  eden space 58880K, 0% used [0x00000000f5580000,0x00000000f5580000,0x00000000f8f00000)
  from space 57856K, 13% used [0x00000000fc780000,0x00000000fceecac8,0x0000000100000000)
  to   space 57856K, 0% used [0x00000000f8f00000,0x00000000f8f00000,0x00000000fc780000)
 ParOldGen       total 282112K, used 175347K [0x00000000e0000000, 0x00000000f1380000, 0x00000000f5580000)
  object space 282112K, 62% used [0x00000000e0000000,0x00000000eab3cd98,0x00000000f1380000)
 Metaspace       used 85035K, capacity 89774K, committed 89856K, reserved 1126400K
  class space    used 11457K, capacity 12473K, committed 12544K, reserved 1048576K
}
Event: 31.182 GC heap before
{Heap before GC invocations=30 (full 3):
 PSYoungGen      total 116736K, used 66463K [0x00000000f5580000, 0x0000000100000000, 0x0000000100000000)
  eden space 58880K, 99% used [0x00000000f5580000,0x00000000f8efb3e8,0x00000000f8f00000)
  from space 57856K, 13% used [0x00000000fc780000,0x00000000fceecac8,0x0000000100000000)
  to   space 57856K, 0% used [0x00000000f8f00000,0x00000000f8f00000,0x00000000fc780000)
 ParOldGen       total 282112K, used 175347K [0x00000000e0000000, 0x00000000f1380000, 0x00000000f5580000)
  object space 282112K, 62% used [0x00000000e0000000,0x00000000eab3cd98,0x00000000f1380000)
 Metaspace       used 92049K, capacity 97526K, committed 97664K, reserved 1132544K
  class space    used 12507K, capacity 13663K, committed 13696K, reserved 1048576K
Event: 31.191 GC heap after
Heap after GC invocations=30 (full 3):
 PSYoungGen      total 116736K, used 10979K [0x00000000f5580000, 0x0000000100000000, 0x0000000100000000)
  eden space 58880K, 0% used [0x00000000f5580000,0x00000000f5580000,0x00000000f8f00000)
  from space 57856K, 18% used [0x00000000f8f00000,0x00000000f99b8e80,0x00000000fc780000)
  to   space 57856K, 0% used [0x00000000fc780000,0x00000000fc780000,0x0000000100000000)
 ParOldGen       total 282112K, used 179327K [0x00000000e0000000, 0x00000000f1380000, 0x00000000f5580000)
  object space 282112K, 63% used [0x00000000e0000000,0x00000000eaf1fe18,0x00000000f1380000)
 Metaspace       used 92049K, capacity 97526K, committed 97664K, reserved 1132544K
  class space    used 12507K, capacity 13663K, committed 13696K, reserved 1048576K
}
Event: 31.256 GC heap before
{Heap before GC invocations=31 (full 3):
 PSYoungGen      total 116736K, used 23287K [0x00000000f5580000, 0x0000000100000000, 0x0000000100000000)
  eden space 58880K, 20% used [0x00000000f5580000,0x00000000f6184dd8,0x00000000f8f00000)
  from space 57856K, 18% used [0x00000000f8f00000,0x00000000f99b8e80,0x00000000fc780000)
  to   space 57856K, 0% used [0x00000000fc780000,0x00000000fc780000,0x0000000100000000)
 ParOldGen       total 282112K, used 179327K [0x00000000e0000000, 0x00000000f1380000, 0x00000000f5580000)
  object space 282112K, 63% used [0x00000000e0000000,0x00000000eaf1fe18,0x00000000f1380000)
 Metaspace       used 92893K, capacity 98534K, committed 98560K, reserved 1134592K
  class space    used 12618K, capacity 13799K, committed 13824K, reserved 1048576K
Event: 31.262 GC heap after
Heap after GC invocations=31 (full 3):
 PSYoungGen      total 116736K, used 1529K [0x00000000f5580000, 0x0000000100000000, 0x0000000100000000)
  eden space 58880K, 0% used [0x00000000f5580000,0x00000000f5580000,0x00000000f8f00000)
  from space 57856K, 2% used [0x00000000fc780000,0x00000000fc8fe6e8,0x0000000100000000)
  to   space 57856K, 0% used [0x00000000f8f00000,0x00000000f8f00000,0x00000000fc780000)
 ParOldGen       total 282112K, used 184468K [0x00000000e0000000, 0x00000000f1380000, 0x00000000f5580000)
  object space 282112K, 65% used [0x00000000e0000000,0x00000000eb425398,0x00000000f1380000)
 Metaspace       used 92893K, capacity 98534K, committed 98560K, reserved 1134592K
  class space    used 12618K, capacity 13799K, committed 13824K, reserved 1048576K
}
Event: 31.263 GC heap before
{Heap before GC invocations=32 (full 4):
 PSYoungGen      total 116736K, used 1529K [0x00000000f5580000, 0x0000000100000000, 0x0000000100000000)
  eden space 58880K, 0% used [0x00000000f5580000,0x00000000f5580000,0x00000000f8f00000)
  from space 57856K, 2% used [0x00000000fc780000,0x00000000fc8fe6e8,0x0000000100000000)
  to   space 57856K, 0% used [0x00000000f8f00000,0x00000000f8f00000,0x00000000fc780000)
 ParOldGen       total 282112K, used 184468K [0x00000000e0000000, 0x00000000f1380000, 0x00000000f5580000)
  object space 282112K, 65% used [0x00000000e0000000,0x00000000eb425398,0x00000000f1380000)
 Metaspace       used 92893K, capacity 98534K, committed 98560K, reserved 1134592K
  class space    used 12618K, capacity 13799K, committed 13824K, reserved 1048576K
Event: 32.209 GC heap after
Heap after GC invocations=32 (full 4):
 PSYoungGen      total 116736K, used 0K [0x00000000f5580000, 0x0000000100000000, 0x0000000100000000)
  eden space 58880K, 0% used [0x00000000f5580000,0x00000000f5580000,0x00000000f8f00000)
  from space 57856K, 0% used [0x00000000fc780000,0x00000000fc780000,0x0000000100000000)
  to   space 57856K, 0% used [0x00000000f8f00000,0x00000000f8f00000,0x00000000fc780000)
 ParOldGen       total 349696K, used 110364K [0x00000000e0000000, 0x00000000f5580000, 0x00000000f5580000)
  object space 349696K, 31% used [0x00000000e0000000,0x00000000e6bc73f0,0x00000000f5580000)
 Metaspace       used 92255K, capacity 96950K, committed 98560K, reserved 1134592K
  class space    used 12398K, capacity 13423K, committed 13824K, reserved 1048576K
}
Event: 32.489 GC heap before
{Heap before GC invocations=33 (full 4):
 PSYoungGen      total 116736K, used 58880K [0x00000000f5580000, 0x0000000100000000, 0x0000000100000000)
  eden space 58880K, 100% used [0x00000000f5580000,0x00000000f8f00000,0x00000000f8f00000)
  from space 57856K, 0% used [0x00000000fc780000,0x00000000fc780000,0x0000000100000000)
  to   space 57856K, 0% used [0x00000000f8f00000,0x00000000f8f00000,0x00000000fc780000)
 ParOldGen       total 349696K, used 110364K [0x00000000e0000000, 0x00000000f5580000, 0x00000000f5580000)
  object space 349696K, 31% used [0x00000000e0000000,0x00000000e6bc73f0,0x00000000f5580000)
 Metaspace       used 93544K, capacity 98536K, committed 99712K, reserved 1134592K
  class space    used 12524K, capacity 13568K, committed 13952K, reserved 1048576K
Event: 32.500 GC heap after
Heap after GC invocations=33 (full 4):
 PSYoungGen      total 63488K, used 4398K [0x00000000f5580000, 0x00000000ffe00000, 0x0000000100000000)
  eden space 58880K, 0% used [0x00000000f5580000,0x00000000f5580000,0x00000000f8f00000)
  from space 4608K, 95% used [0x00000000f8f00000,0x00000000f934bba8,0x00000000f9380000)
  to   space 56832K, 0% used [0x00000000fc680000,0x00000000fc680000,0x00000000ffe00000)
 ParOldGen       total 349696K, used 110372K [0x00000000e0000000, 0x00000000f5580000, 0x00000000f5580000)
  object space 349696K, 31% used [0x00000000e0000000,0x00000000e6bc93f0,0x00000000f5580000)
 Metaspace       used 93544K, capacity 98536K, committed 99712K, reserved 1134592K
  class space    used 12524K, capacity 13568K, committed 13952K, reserved 1048576K
}

